Vivado Simulator v2020.3.0
Copyright 1986-1999, 2001-2021 Xilinx, Inc. All Rights Reserved.
Running: C:/Users/Andy/OneDrive/Desktop/Vivado/2020.3/bin/unwrapped/win64.o/xelab.exe -wto 2e717f526abc4b6a935bb6ede40fab37 --incr --debug typical --relax --mt 2 -L xil_defaultlib -L unisims_ver -L secureip --snapshot lab3s_tb_behav xil_defaultlib.lab3s_tb xil_defaultlib.glbl -log elaborate.log 
Using 2 slave threads.
Starting static elaboration
Pass Through NonSizing Optimizer
Completed static elaboration
Starting simulation data flow analysis
Completed simulation data flow analysis
Time Resolution for simulation is 1ps
Compiling package std.standard
Compiling package std.textio
Compiling package ieee.std_logic_1164
Compiling package ieee.std_logic_arith
Compiling package ieee.std_logic_unsigned
Compiling module xil_defaultlib.glbl
Compiling architecture behavioral of entity xil_defaultlib.Add_2bit [add_2bit_default]
Compiling architecture structural of entity xil_defaultlib.Add_4bit [add_4bit_default]
Compiling architecture behavior of entity xil_defaultlib.lab3s_tb
Built simulation snapshot lab3s_tb_behav
