#-----------------------------------------------------------
# Vivado v2020.2 (64-bit)
# SW Build 3064766 on Wed Nov 18 09:12:45 MST 2020
# IP Build 3064653 on Wed Nov 18 14:17:31 MST 2020
# Start of session at: Thu Apr  8 21:33:14 2021
# Process ID: 6476
# Current directory: C:/Users/Andy/OneDrive/Desktop/Vivado Workspace/lab1b
# Command line: vivado.exe -gui_launcher_event rodinguilauncherevent11312 C:\Users\Andy\OneDrive\Desktop\Vivado Workspace\lab1b\lab1b.xpr
# Log file: C:/Users/Andy/OneDrive/Desktop/Vivado Workspace/lab1b/vivado.log
# Journal file: C:/Users/Andy/OneDrive/Desktop/Vivado Workspace/lab1b\vivado.jou
#-----------------------------------------------------------
start_gui
open_project {C:/Users/Andy/OneDrive/Desktop/Vivado Workspace/lab1b/lab1b.xpr}
WARNING: [filemgmt 56-3] Default IP Output Path : Could not find the directory 'C:/Users/Andy/OneDrive/Desktop/Vivado Workspace/lab1b/lab1b.gen/sources_1'.
Scanning sources...
Finished scanning sources
INFO: [IP_Flow 19-234] Refreshing IP repositories
INFO: [IP_Flow 19-1704] No user IP repositories specified
INFO: [IP_Flow 19-2313] Loaded Vivado IP repository 'D:/Vivado/2020.2/data/ip'.
open_project: Time (s): cpu = 00:00:09 ; elapsed = 00:00:06 . Memory (MB): peak = 1017.891 ; gain = 0.000
update_compile_order -fileset sources_1
exit
INFO: [Common 17-206] Exiting Vivado at Thu Apr  8 21:33:35 2021...
