#-----------------------------------------------------------
# Vivado v2020.2 (64-bit)
# SW Build 3064766 on Wed Nov 18 09:12:45 MST 2020
# IP Build 3064653 on Wed Nov 18 14:17:31 MST 2020
# Start of session at: Thu Apr 15 22:05:04 2021
# Process ID: 8376
# Current directory: C:/Users/Andy/OneDrive/Desktop/Vivado Workspace/lab1bands
# Command line: vivado.exe -gui_launcher_event rodinguilauncherevent8832 C:\Users\Andy\OneDrive\Desktop\Vivado Workspace\lab1bands\lab1bands.xpr
# Log file: C:/Users/Andy/OneDrive/Desktop/Vivado Workspace/lab1bands/vivado.log
# Journal file: C:/Users/Andy/OneDrive/Desktop/Vivado Workspace/lab1bands\vivado.jou
#-----------------------------------------------------------
start_gui
open_project {C:/Users/Andy/OneDrive/Desktop/Vivado Workspace/lab1bands/lab1bands.xpr}
WARNING: [filemgmt 56-3] Default IP Output Path : Could not find the directory 'C:/Users/Andy/OneDrive/Desktop/Vivado Workspace/lab1bands/lab1bands.gen/sources_1'.
Scanning sources...
Finished scanning sources
INFO: [IP_Flow 19-234] Refreshing IP repositories
INFO: [IP_Flow 19-1704] No user IP repositories specified
INFO: [IP_Flow 19-2313] Loaded Vivado IP repository 'D:/Vivado/2020.2/data/ip'.
update_compile_order -fileset sources_1
exit
INFO: [Common 17-206] Exiting Vivado at Thu Apr 15 22:06:32 2021...
